0 info it worked if it ends with ok
1 verbose cli [ '/Users/stevensolivier/.nvm/v5.8.0/bin/node',
1 verbose cli   '/Users/stevensolivier/.nvm/v5.8.0/bin/npm',
1 verbose cli   'start' ]
2 info using npm@3.7.3
3 info using node@v5.8.0
4 verbose run-script [ 'prestart', 'start', 'poststart' ]
5 info lifecycle node-notify-wagon@0.1.0~prestart: node-notify-wagon@0.1.0
6 silly lifecycle node-notify-wagon@0.1.0~prestart: no script for prestart, continuing
7 info lifecycle node-notify-wagon@0.1.0~start: node-notify-wagon@0.1.0
8 verbose lifecycle node-notify-wagon@0.1.0~start: unsafe-perm in lifecycle true
9 verbose lifecycle node-notify-wagon@0.1.0~start: PATH: /Users/stevensolivier/.nvm/v5.8.0/lib/node_modules/npm/bin/node-gyp-bin:/Users/stevensolivier/sources/android-app-various/notify-wagon/node-notify-wagon/node_modules/.bin:/Users/stevensolivier/.nvm/v5.8.0/bin:/Users/stevensolivier/.nvm/v5.8.0/bin:/Users/stevensolivier/bin/Sencha/Cmd/3.1.0.239:/usr/local/bin:/usr/bin:/bin:/usr/sbin:/sbin:/opt/X11/bin:/usr/local/git/bin:/Users/stevensolivier/android-sdks/tools:/Users/stevensolivier/applications_dev/mongodb/bin:/Users/stevensolivier/applications_dev/play-1.2.5.3:/Users/stevensolivier/applications_dev/tomcat/apache-tomcat-6.0.35/bin:/Users/stevensolivier/applications_dev/ImageMagick-6.7.9/bin:/Users/stevensolivier/android-sdks/platform-tools:/Users/stevensolivier/android-sdks/tools
10 verbose lifecycle node-notify-wagon@0.1.0~start: CWD: /Users/stevensolivier/sources/android-app-various/notify-wagon/node-notify-wagon
11 silly lifecycle node-notify-wagon@0.1.0~start: Args: [ '-c', 'node index.js' ]
12 silly lifecycle node-notify-wagon@0.1.0~start: Returned: code: 1  signal: null
13 info lifecycle node-notify-wagon@0.1.0~start: Failed to exec start script
14 verbose stack Error: node-notify-wagon@0.1.0 start: `node index.js`
14 verbose stack Exit status 1
14 verbose stack     at EventEmitter.<anonymous> (/Users/stevensolivier/.nvm/v5.8.0/lib/node_modules/npm/lib/utils/lifecycle.js:239:16)
14 verbose stack     at emitTwo (events.js:100:13)
14 verbose stack     at EventEmitter.emit (events.js:185:7)
14 verbose stack     at ChildProcess.<anonymous> (/Users/stevensolivier/.nvm/v5.8.0/lib/node_modules/npm/lib/utils/spawn.js:24:14)
14 verbose stack     at emitTwo (events.js:100:13)
14 verbose stack     at ChildProcess.emit (events.js:185:7)
14 verbose stack     at maybeClose (internal/child_process.js:850:16)
14 verbose stack     at Process.ChildProcess._handle.onexit (internal/child_process.js:215:5)
15 verbose pkgid node-notify-wagon@0.1.0
16 verbose cwd /Users/stevensolivier/sources/android-app-various/notify-wagon/node-notify-wagon
17 error Darwin 14.5.0
18 error argv "/Users/stevensolivier/.nvm/v5.8.0/bin/node" "/Users/stevensolivier/.nvm/v5.8.0/bin/npm" "start"
19 error node v5.8.0
20 error npm  v3.7.3
21 error code ELIFECYCLE
22 error node-notify-wagon@0.1.0 start: `node index.js`
22 error Exit status 1
23 error Failed at the node-notify-wagon@0.1.0 start script 'node index.js'.
23 error Make sure you have the latest version of node.js and npm installed.
23 error If you do, this is most likely a problem with the node-notify-wagon package,
23 error not with npm itself.
23 error Tell the author that this fails on your system:
23 error     node index.js
23 error You can get information on how to open an issue for this project with:
23 error     npm bugs node-notify-wagon
23 error Or if that isn't available, you can get their info via:
23 error     npm owner ls node-notify-wagon
23 error There is likely additional logging output above.
24 verbose exit [ 1, true ]
